<?xml version="1.0" encoding="UTF-8"?>
<!-- Generated by org.testng.reporters.JUnitXMLReporter -->
<testsuite hostname="Ravi" name="Command line test" tests="2" failures="0" timestamp="16 Jan 2018 16:56:33 GMT" time="51.657" errors="0">
  <testcase name="feature" time="25.712" classname="com.cucumber.framework.runner.productCategory.TestProductsCountBasedOnColorRunner"/>
  <testcase name="feature" time="25.19" classname="com.cucumber.framework.runner.productCategory.TestTotalNumberOfWomenDressProductRunner"/>
</testsuite> <!-- Command line test -->
