<?xml version="1.0" encoding="UTF-8"?>
<!-- Generated by org.testng.reporters.JUnitXMLReporter -->
<testsuite hostname="Ravi" name="Command line test" tests="2" failures="0" timestamp="17 Jan 2018 14:15:58 GMT" time="98.096" errors="0">
  <testcase name="feature" time="51.771" classname="com.cucumber.framework.runner.productCategory.TestProductsCountBasedOnColorRunner"/>
  <testcase name="feature" time="45.6" classname="com.cucumber.framework.runner.productCategory.TestTotalNumberOfWomenDressProductRunner"/>
</testsuite> <!-- Command line test -->
