<?xml version="1.0" encoding="UTF-8"?>
<testng-results skipped="0" failed="0" total="2" passed="2">
  <reporter-output>
  </reporter-output>
  <suite name="Command line suite" duration-ms="39356" started-at="2018-01-21T05:53:38Z" finished-at="2018-01-21T05:54:17Z">
    <groups>
      <group name="cucumber">
        <method signature="AbstractTestNGCucumberTests.feature(cucumber.api.testng.CucumberFeatureWrapper)[pri:0, instance:com.cucumber.framework.runner.productCategory.TestProductsCountBasedOnColorRunner@1753acfe]" name="feature" class="cucumber.api.testng.AbstractTestNGCucumberTests"/>
        <method signature="AbstractTestNGCucumberTests.feature(cucumber.api.testng.CucumberFeatureWrapper)[pri:0, instance:com.cucumber.framework.runner.productCategory.TestTotalNumberOfWomenDressProductRunner@7c16905e]" name="feature" class="cucumber.api.testng.AbstractTestNGCucumberTests"/>
      </group> <!-- cucumber -->
    </groups>
    <test name="Command line test" duration-ms="39356" started-at="2018-01-21T05:53:38Z" finished-at="2018-01-21T05:54:17Z">
      <class name="com.cucumber.framework.runner.productCategory.TestProductsCountBasedOnColorRunner">
        <test-method status="PASS" signature="setUpClass()[pri:0, instance:com.cucumber.framework.runner.productCategory.TestProductsCountBasedOnColorRunner@1753acfe]" name="setUpClass" is-config="true" duration-ms="524" started-at="2018-01-21T11:23:38Z" finished-at="2018-01-21T11:23:39Z">
          <reporter-output>
          </reporter-output>
        </test-method> <!-- setUpClass -->
        <test-method status="PASS" signature="feature(cucumber.api.testng.CucumberFeatureWrapper)[pri:0, instance:com.cucumber.framework.runner.productCategory.TestProductsCountBasedOnColorRunner@1753acfe]" name="feature" duration-ms="23817" started-at="2018-01-21T11:23:39Z" description="Runs Cucumber Feature" data-provider="features" finished-at="2018-01-21T11:24:03Z">
          <params>
            <param index="0">
              <value>
                <![CDATA[ProductCategoryPage1]]>
              </value>
            </param>
          </params>
          <reporter-output>
          </reporter-output>
        </test-method> <!-- feature -->
        <test-method status="PASS" signature="tearDownClass()[pri:0, instance:com.cucumber.framework.runner.productCategory.TestProductsCountBasedOnColorRunner@1753acfe]" name="tearDownClass" is-config="true" duration-ms="152" started-at="2018-01-21T11:24:03Z" finished-at="2018-01-21T11:24:03Z">
          <reporter-output>
          </reporter-output>
        </test-method> <!-- tearDownClass -->
      </class> <!-- com.cucumber.framework.runner.productCategory.TestProductsCountBasedOnColorRunner -->
      <class name="com.cucumber.framework.runner.productCategory.TestTotalNumberOfWomenDressProductRunner">
        <test-method status="PASS" signature="setUpClass()[pri:0, instance:com.cucumber.framework.runner.productCategory.TestTotalNumberOfWomenDressProductRunner@7c16905e]" name="setUpClass" is-config="true" duration-ms="55" started-at="2018-01-21T11:24:03Z" finished-at="2018-01-21T11:24:03Z">
          <reporter-output>
          </reporter-output>
        </test-method> <!-- setUpClass -->
        <test-method status="PASS" signature="feature(cucumber.api.testng.CucumberFeatureWrapper)[pri:0, instance:com.cucumber.framework.runner.productCategory.TestTotalNumberOfWomenDressProductRunner@7c16905e]" name="feature" duration-ms="14647" started-at="2018-01-21T11:24:03Z" description="Runs Cucumber Feature" data-provider="features" finished-at="2018-01-21T11:24:17Z">
          <params>
            <param index="0">
              <value>
                <![CDATA[ProductCategoryPage]]>
              </value>
            </param>
          </params>
          <reporter-output>
          </reporter-output>
        </test-method> <!-- feature -->
        <test-method status="PASS" signature="tearDownClass()[pri:0, instance:com.cucumber.framework.runner.productCategory.TestTotalNumberOfWomenDressProductRunner@7c16905e]" name="tearDownClass" is-config="true" duration-ms="11" started-at="2018-01-21T11:24:17Z" finished-at="2018-01-21T11:24:17Z">
          <reporter-output>
          </reporter-output>
        </test-method> <!-- tearDownClass -->
      </class> <!-- com.cucumber.framework.runner.productCategory.TestTotalNumberOfWomenDressProductRunner -->
    </test> <!-- Command line test -->
  </suite> <!-- Command line suite -->
</testng-results>
