<?xml version="1.0" encoding="UTF-8"?>
<testng-results skipped="0" failed="0" total="1" passed="1">
  <reporter-output>
  </reporter-output>
  <suite name="Suite111" duration-ms="25550" started-at="2018-01-16T16:54:36Z" finished-at="2018-01-16T16:55:02Z">
    <groups>
      <group name="cucumber">
        <method signature="AbstractTestNGCucumberTests.feature(cucumber.api.testng.CucumberFeatureWrapper)[pri:0, instance:com.cucumber.framework.runner.productCategory.TestTotalNumberOfWomenDressProductRunner@13deb50e]" name="feature" class="cucumber.api.testng.AbstractTestNGCucumberTests"/>
      </group> <!-- cucumber -->
    </groups>
    <test name="FacebookLoginFeatureRunner111" duration-ms="25550" started-at="2018-01-16T16:54:36Z" finished-at="2018-01-16T16:55:02Z">
      <class name="com.cucumber.framework.runner.productCategory.TestTotalNumberOfWomenDressProductRunner">
        <test-method status="PASS" signature="setUpClass()[pri:0, instance:com.cucumber.framework.runner.productCategory.TestTotalNumberOfWomenDressProductRunner@13deb50e]" name="setUpClass" is-config="true" duration-ms="455" started-at="2018-01-16T22:24:36Z" finished-at="2018-01-16T22:24:37Z">
          <reporter-output>
          </reporter-output>
        </test-method> <!-- setUpClass -->
        <test-method status="PASS" signature="feature(cucumber.api.testng.CucumberFeatureWrapper)[pri:0, instance:com.cucumber.framework.runner.productCategory.TestTotalNumberOfWomenDressProductRunner@13deb50e]" name="feature" duration-ms="24962" started-at="2018-01-16T22:24:37Z" description="Runs Cucumber Feature" data-provider="features" finished-at="2018-01-16T22:25:02Z">
          <params>
            <param index="0">
              <value>
                <![CDATA[ProductCategoryPage]]>
              </value>
            </param>
          </params>
          <reporter-output>
          </reporter-output>
        </test-method> <!-- feature -->
        <test-method status="PASS" signature="tearDownClass()[pri:0, instance:com.cucumber.framework.runner.productCategory.TestTotalNumberOfWomenDressProductRunner@13deb50e]" name="tearDownClass" is-config="true" duration-ms="13" started-at="2018-01-16T22:25:02Z" finished-at="2018-01-16T22:25:02Z">
          <reporter-output>
          </reporter-output>
        </test-method> <!-- tearDownClass -->
      </class> <!-- com.cucumber.framework.runner.productCategory.TestTotalNumberOfWomenDressProductRunner -->
    </test> <!-- FacebookLoginFeatureRunner111 -->
  </suite> <!-- Suite111 -->
</testng-results>
